20-Dec-2016 16:26:31.415 INFO [main] org.apache.catalina.startup.VersionLoggerListener.log Server version:        Apache Tomcat/8.0.39
20-Dec-2016 16:26:31.417 INFO [main] org.apache.catalina.startup.VersionLoggerListener.log Server built:          Nov 9 2016 08:48:39 UTC
20-Dec-2016 16:26:31.417 INFO [main] org.apache.catalina.startup.VersionLoggerListener.log Server number:         8.0.39.0
20-Dec-2016 16:26:31.417 INFO [main] org.apache.catalina.startup.VersionLoggerListener.log OS Name:               Mac OS X
20-Dec-2016 16:26:31.417 INFO [main] org.apache.catalina.startup.VersionLoggerListener.log OS Version:            10.12.1
20-Dec-2016 16:26:31.417 INFO [main] org.apache.catalina.startup.VersionLoggerListener.log Architecture:          x86_64
20-Dec-2016 16:26:31.417 INFO [main] org.apache.catalina.startup.VersionLoggerListener.log Java Home:             /Library/Java/JavaVirtualMachines/jdk1.8.0_112.jdk/Contents/Home/jre
20-Dec-2016 16:26:31.417 INFO [main] org.apache.catalina.startup.VersionLoggerListener.log JVM Version:           1.8.0_112-b16
20-Dec-2016 16:26:31.417 INFO [main] org.apache.catalina.startup.VersionLoggerListener.log JVM Vendor:            Oracle Corporation
20-Dec-2016 16:26:31.418 INFO [main] org.apache.catalina.startup.VersionLoggerListener.log CATALINA_BASE:         /Users/weli/projs/apache-tomcat-8.0.39
20-Dec-2016 16:26:31.418 INFO [main] org.apache.catalina.startup.VersionLoggerListener.log CATALINA_HOME:         /Users/weli/projs/apache-tomcat-8.0.39
20-Dec-2016 16:26:31.418 INFO [main] org.apache.catalina.startup.VersionLoggerListener.log Command line argument: -Djava.util.logging.config.file=/Users/weli/projs/apache-tomcat-8.0.39/conf/logging.properties
20-Dec-2016 16:26:31.418 INFO [main] org.apache.catalina.startup.VersionLoggerListener.log Command line argument: -Djava.util.logging.manager=org.apache.juli.ClassLoaderLogManager
20-Dec-2016 16:26:31.419 INFO [main] org.apache.catalina.startup.VersionLoggerListener.log Command line argument: -Djdk.tls.ephemeralDHKeySize=2048
20-Dec-2016 16:26:31.419 INFO [main] org.apache.catalina.startup.VersionLoggerListener.log Command line argument: -Djava.protocol.handler.pkgs=org.apache.catalina.webresources
20-Dec-2016 16:26:31.419 INFO [main] org.apache.catalina.startup.VersionLoggerListener.log Command line argument: -Djava.endorsed.dirs=/Users/weli/projs/apache-tomcat-8.0.39/endorsed
20-Dec-2016 16:26:31.419 INFO [main] org.apache.catalina.startup.VersionLoggerListener.log Command line argument: -Dcatalina.base=/Users/weli/projs/apache-tomcat-8.0.39
20-Dec-2016 16:26:31.419 INFO [main] org.apache.catalina.startup.VersionLoggerListener.log Command line argument: -Dcatalina.home=/Users/weli/projs/apache-tomcat-8.0.39
20-Dec-2016 16:26:31.419 INFO [main] org.apache.catalina.startup.VersionLoggerListener.log Command line argument: -Djava.io.tmpdir=/Users/weli/projs/apache-tomcat-8.0.39/temp
20-Dec-2016 16:26:31.419 INFO [main] org.apache.catalina.core.AprLifecycleListener.lifecycleEvent The APR based Apache Tomcat Native library which allows optimal performance in production environments was not found on the java.library.path: /Users/weli/Library/Java/Extensions:/Library/Java/Extensions:/Network/Library/Java/Extensions:/System/Library/Java/Extensions:/usr/lib/java:.
20-Dec-2016 16:26:31.567 INFO [main] org.apache.coyote.AbstractProtocol.init Initializing ProtocolHandler ["http-nio-8080"]
20-Dec-2016 16:26:31.599 INFO [main] org.apache.tomcat.util.net.NioSelectorPool.getSharedSelector Using a shared selector for servlet write/read
20-Dec-2016 16:26:31.601 INFO [main] org.apache.coyote.AbstractProtocol.init Initializing ProtocolHandler ["ajp-nio-8009"]
20-Dec-2016 16:26:31.602 INFO [main] org.apache.tomcat.util.net.NioSelectorPool.getSharedSelector Using a shared selector for servlet write/read
20-Dec-2016 16:26:31.603 INFO [main] org.apache.catalina.startup.Catalina.load Initialization processed in 607 ms
20-Dec-2016 16:26:31.628 INFO [main] org.apache.catalina.core.StandardService.startInternal Starting service Catalina
20-Dec-2016 16:26:31.629 INFO [main] org.apache.catalina.core.StandardEngine.startInternal Starting Servlet Engine: Apache Tomcat/8.0.39
20-Dec-2016 16:26:31.636 INFO [localhost-startStop-1] org.apache.catalina.startup.HostConfig.deployDirectory Deploying web application directory /Users/weli/projs/apache-tomcat-8.0.39/webapps/docs
20-Dec-2016 16:26:31.970 INFO [localhost-startStop-1] org.apache.catalina.startup.HostConfig.deployDirectory Deployment of web application directory /Users/weli/projs/apache-tomcat-8.0.39/webapps/docs has finished in 333 ms
20-Dec-2016 16:26:31.970 INFO [localhost-startStop-1] org.apache.catalina.startup.HostConfig.deployDirectory Deploying web application directory /Users/weli/projs/apache-tomcat-8.0.39/webapps/examples
20-Dec-2016 16:26:32.223 INFO [localhost-startStop-1] org.apache.catalina.startup.HostConfig.deployDirectory Deployment of web application directory /Users/weli/projs/apache-tomcat-8.0.39/webapps/examples has finished in 253 ms
20-Dec-2016 16:26:32.223 INFO [localhost-startStop-1] org.apache.catalina.startup.HostConfig.deployDirectory Deploying web application directory /Users/weli/projs/apache-tomcat-8.0.39/webapps/host-manager
20-Dec-2016 16:26:32.246 INFO [localhost-startStop-1] org.apache.catalina.startup.HostConfig.deployDirectory Deployment of web application directory /Users/weli/projs/apache-tomcat-8.0.39/webapps/host-manager has finished in 23 ms
20-Dec-2016 16:26:32.246 INFO [localhost-startStop-1] org.apache.catalina.startup.HostConfig.deployDirectory Deploying web application directory /Users/weli/projs/apache-tomcat-8.0.39/webapps/manager
20-Dec-2016 16:26:32.266 INFO [localhost-startStop-1] org.apache.catalina.startup.HostConfig.deployDirectory Deployment of web application directory /Users/weli/projs/apache-tomcat-8.0.39/webapps/manager has finished in 19 ms
20-Dec-2016 16:26:32.266 INFO [localhost-startStop-1] org.apache.catalina.startup.HostConfig.deployDirectory Deploying web application directory /Users/weli/projs/apache-tomcat-8.0.39/webapps/ROOT
20-Dec-2016 16:26:32.279 INFO [localhost-startStop-1] org.apache.catalina.startup.HostConfig.deployDirectory Deployment of web application directory /Users/weli/projs/apache-tomcat-8.0.39/webapps/ROOT has finished in 12 ms
20-Dec-2016 16:26:32.281 INFO [main] org.apache.coyote.AbstractProtocol.start Starting ProtocolHandler ["http-nio-8080"]
20-Dec-2016 16:26:32.286 INFO [main] org.apache.coyote.AbstractProtocol.start Starting ProtocolHandler ["ajp-nio-8009"]
20-Dec-2016 16:26:32.287 INFO [main] org.apache.catalina.startup.Catalina.start Server startup in 684 ms
