20-Dec-2016 16:26:31.415 INFO [main] org.apache.catalina.startup.VersionLoggerListener.log Server version:        Apache Tomcat/8.0.39
20-Dec-2016 16:26:31.417 INFO [main] org.apache.catalina.startup.VersionLoggerListener.log Server built:          Nov 9 2016 08:48:39 UTC
20-Dec-2016 16:26:31.417 INFO [main] org.apache.catalina.startup.VersionLoggerListener.log Server number:         8.0.39.0
20-Dec-2016 16:26:31.417 INFO [main] org.apache.catalina.startup.VersionLoggerListener.log OS Name:               Mac OS X
20-Dec-2016 16:26:31.417 INFO [main] org.apache.catalina.startup.VersionLoggerListener.log OS Version:            10.12.1
20-Dec-2016 16:26:31.417 INFO [main] org.apache.catalina.startup.VersionLoggerListener.log Architecture:          x86_64
20-Dec-2016 16:26:31.417 INFO [main] org.apache.catalina.startup.VersionLoggerListener.log Java Home:             /Library/Java/JavaVirtualMachines/jdk1.8.0_112.jdk/Contents/Home/jre
20-Dec-2016 16:26:31.417 INFO [main] org.apache.catalina.startup.VersionLoggerListener.log JVM Version:           1.8.0_112-b16
20-Dec-2016 16:26:31.417 INFO [main] org.apache.catalina.startup.VersionLoggerListener.log JVM Vendor:            Oracle Corporation
20-Dec-2016 16:26:31.418 INFO [main] org.apache.catalina.startup.VersionLoggerListener.log CATALINA_BASE:         /Users/weli/projs/apache-tomcat-8.0.39
20-Dec-2016 16:26:31.418 INFO [main] org.apache.catalina.startup.VersionLoggerListener.log CATALINA_HOME:         /Users/weli/projs/apache-tomcat-8.0.39
20-Dec-2016 16:26:31.418 INFO [main] org.apache.catalina.startup.VersionLoggerListener.log Command line argument: -Djava.util.logging.config.file=/Users/weli/projs/apache-tomcat-8.0.39/conf/logging.properties
20-Dec-2016 16:26:31.418 INFO [main] org.apache.catalina.startup.VersionLoggerListener.log Command line argument: -Djava.util.logging.manager=org.apache.juli.ClassLoaderLogManager
20-Dec-2016 16:26:31.419 INFO [main] org.apache.catalina.startup.VersionLoggerListener.log Command line argument: -Djdk.tls.ephemeralDHKeySize=2048
20-Dec-2016 16:26:31.419 INFO [main] org.apache.catalina.startup.VersionLoggerListener.log Command line argument: -Djava.protocol.handler.pkgs=org.apache.catalina.webresources
20-Dec-2016 16:26:31.419 INFO [main] org.apache.catalina.startup.VersionLoggerListener.log Command line argument: -Djava.endorsed.dirs=/Users/weli/projs/apache-tomcat-8.0.39/endorsed
20-Dec-2016 16:26:31.419 INFO [main] org.apache.catalina.startup.VersionLoggerListener.log Command line argument: -Dcatalina.base=/Users/weli/projs/apache-tomcat-8.0.39
20-Dec-2016 16:26:31.419 INFO [main] org.apache.catalina.startup.VersionLoggerListener.log Command line argument: -Dcatalina.home=/Users/weli/projs/apache-tomcat-8.0.39
20-Dec-2016 16:26:31.419 INFO [main] org.apache.catalina.startup.VersionLoggerListener.log Command line argument: -Djava.io.tmpdir=/Users/weli/projs/apache-tomcat-8.0.39/temp
20-Dec-2016 16:26:31.419 INFO [main] org.apache.catalina.core.AprLifecycleListener.lifecycleEvent The APR based Apache Tomcat Native library which allows optimal performance in production environments was not found on the java.library.path: /Users/weli/Library/Java/Extensions:/Library/Java/Extensions:/Network/Library/Java/Extensions:/System/Library/Java/Extensions:/usr/lib/java:.
20-Dec-2016 16:26:31.567 INFO [main] org.apache.coyote.AbstractProtocol.init Initializing ProtocolHandler ["http-nio-8080"]
20-Dec-2016 16:26:31.599 INFO [main] org.apache.tomcat.util.net.NioSelectorPool.getSharedSelector Using a shared selector for servlet write/read
20-Dec-2016 16:26:31.601 INFO [main] org.apache.coyote.AbstractProtocol.init Initializing ProtocolHandler ["ajp-nio-8009"]
20-Dec-2016 16:26:31.602 INFO [main] org.apache.tomcat.util.net.NioSelectorPool.getSharedSelector Using a shared selector for servlet write/read
20-Dec-2016 16:26:31.603 INFO [main] org.apache.catalina.startup.Catalina.load Initialization processed in 607 ms
20-Dec-2016 16:26:31.628 INFO [main] org.apache.catalina.core.StandardService.startInternal Starting service Catalina
20-Dec-2016 16:26:31.629 INFO [main] org.apache.catalina.core.StandardEngine.startInternal Starting Servlet Engine: Apache Tomcat/8.0.39
20-Dec-2016 16:26:31.636 INFO [localhost-startStop-1] org.apache.catalina.startup.HostConfig.deployDirectory Deploying web application directory /Users/weli/projs/apache-tomcat-8.0.39/webapps/docs
20-Dec-2016 16:26:31.970 INFO [localhost-startStop-1] org.apache.catalina.startup.HostConfig.deployDirectory Deployment of web application directory /Users/weli/projs/apache-tomcat-8.0.39/webapps/docs has finished in 333 ms
20-Dec-2016 16:26:31.970 INFO [localhost-startStop-1] org.apache.catalina.startup.HostConfig.deployDirectory Deploying web application directory /Users/weli/projs/apache-tomcat-8.0.39/webapps/examples
20-Dec-2016 16:26:32.223 INFO [localhost-startStop-1] org.apache.catalina.startup.HostConfig.deployDirectory Deployment of web application directory /Users/weli/projs/apache-tomcat-8.0.39/webapps/examples has finished in 253 ms
20-Dec-2016 16:26:32.223 INFO [localhost-startStop-1] org.apache.catalina.startup.HostConfig.deployDirectory Deploying web application directory /Users/weli/projs/apache-tomcat-8.0.39/webapps/host-manager
20-Dec-2016 16:26:32.246 INFO [localhost-startStop-1] org.apache.catalina.startup.HostConfig.deployDirectory Deployment of web application directory /Users/weli/projs/apache-tomcat-8.0.39/webapps/host-manager has finished in 23 ms
20-Dec-2016 16:26:32.246 INFO [localhost-startStop-1] org.apache.catalina.startup.HostConfig.deployDirectory Deploying web application directory /Users/weli/projs/apache-tomcat-8.0.39/webapps/manager
20-Dec-2016 16:26:32.266 INFO [localhost-startStop-1] org.apache.catalina.startup.HostConfig.deployDirectory Deployment of web application directory /Users/weli/projs/apache-tomcat-8.0.39/webapps/manager has finished in 19 ms
20-Dec-2016 16:26:32.266 INFO [localhost-startStop-1] org.apache.catalina.startup.HostConfig.deployDirectory Deploying web application directory /Users/weli/projs/apache-tomcat-8.0.39/webapps/ROOT
20-Dec-2016 16:26:32.279 INFO [localhost-startStop-1] org.apache.catalina.startup.HostConfig.deployDirectory Deployment of web application directory /Users/weli/projs/apache-tomcat-8.0.39/webapps/ROOT has finished in 12 ms
20-Dec-2016 16:26:32.281 INFO [main] org.apache.coyote.AbstractProtocol.start Starting ProtocolHandler ["http-nio-8080"]
20-Dec-2016 16:26:32.286 INFO [main] org.apache.coyote.AbstractProtocol.start Starting ProtocolHandler ["ajp-nio-8009"]
20-Dec-2016 16:26:32.287 INFO [main] org.apache.catalina.startup.Catalina.start Server startup in 684 ms
org.apache.tomcat.vault.security.vault.SecurityVaultException: java.lang.RuntimeException: PBOX000140: Unable to get keystore (/Users/weli/projs/apache-tomcat-8.0.39/conf/vault.keystore)
	at org.apache.tomcat.vault.security.vault.PicketBoxSecurityVault.init(PicketBoxSecurityVault.java:210)
	at org.apache.tomcat.vault.util.PropertySourceVault.init(PropertySourceVault.java:50)
	at org.apache.tomcat.vault.util.PropertySourceVault.<init>(PropertySourceVault.java:32)
	at sun.reflect.NativeConstructorAccessorImpl.newInstance0(Native Method)
	at sun.reflect.NativeConstructorAccessorImpl.newInstance(NativeConstructorAccessorImpl.java:62)
	at sun.reflect.DelegatingConstructorAccessorImpl.newInstance(DelegatingConstructorAccessorImpl.java:45)
	at java.lang.reflect.Constructor.newInstance(Constructor.java:423)
	at java.lang.Class.newInstance(Class.java:442)
	at org.apache.tomcat.util.digester.Digester.<clinit>(Digester.java:92)
	at org.apache.catalina.startup.Catalina.createStartDigester(Catalina.java:268)
	at org.apache.catalina.startup.Catalina.load(Catalina.java:487)
	at org.apache.catalina.startup.Catalina.load(Catalina.java:603)
	at sun.reflect.NativeMethodAccessorImpl.invoke0(Native Method)
	at sun.reflect.NativeMethodAccessorImpl.invoke(NativeMethodAccessorImpl.java:62)
	at sun.reflect.DelegatingMethodAccessorImpl.invoke(DelegatingMethodAccessorImpl.java:43)
	at java.lang.reflect.Method.invoke(Method.java:498)
	at org.apache.catalina.startup.Bootstrap.load(Bootstrap.java:310)
	at org.apache.catalina.startup.Bootstrap.main(Bootstrap.java:484)
Caused by: java.lang.RuntimeException: PBOX000140: Unable to get keystore (/Users/weli/projs/apache-tomcat-8.0.39/conf/vault.keystore)
	at org.apache.tomcat.vault.security.vault.PicketBoxSecurityVault.getKeyStore(PicketBoxSecurityVault.java:691)
	at org.apache.tomcat.vault.security.vault.PicketBoxSecurityVault.init(PicketBoxSecurityVault.java:205)
	... 17 more
Caused by: java.io.FileNotFoundException: /Users/weli/projs/apache-tomcat-8.0.39/conf/vault.keystore (No such file or directory)
	at java.io.FileInputStream.open0(Native Method)
	at java.io.FileInputStream.open(FileInputStream.java:195)
	at java.io.FileInputStream.<init>(FileInputStream.java:138)
	at org.apache.tomcat.vault.util.KeyStoreUtil.getKeyStore(KeyStoreUtil.java:150)
	at org.apache.tomcat.vault.security.vault.PicketBoxSecurityVault.getKeyStore(PicketBoxSecurityVault.java:688)
	... 18 more
05-Jan-2017 15:25:14.772 INFO [main] org.apache.catalina.startup.VersionLoggerListener.log Server version:        Apache Tomcat/8.0.39
05-Jan-2017 15:25:14.827 INFO [main] org.apache.catalina.startup.VersionLoggerListener.log Server built:          Nov 9 2016 08:48:39 UTC
05-Jan-2017 15:25:14.827 INFO [main] org.apache.catalina.startup.VersionLoggerListener.log Server number:         8.0.39.0
05-Jan-2017 15:25:14.827 INFO [main] org.apache.catalina.startup.VersionLoggerListener.log OS Name:               Mac OS X
05-Jan-2017 15:25:14.827 INFO [main] org.apache.catalina.startup.VersionLoggerListener.log OS Version:            10.12.2
05-Jan-2017 15:25:14.827 INFO [main] org.apache.catalina.startup.VersionLoggerListener.log Architecture:          x86_64
05-Jan-2017 15:25:14.827 INFO [main] org.apache.catalina.startup.VersionLoggerListener.log Java Home:             /Library/Java/JavaVirtualMachines/jdk1.8.0_91.jdk/Contents/Home/jre
05-Jan-2017 15:25:14.828 INFO [main] org.apache.catalina.startup.VersionLoggerListener.log JVM Version:           1.8.0_91-b14
05-Jan-2017 15:25:14.828 INFO [main] org.apache.catalina.startup.VersionLoggerListener.log JVM Vendor:            Oracle Corporation
05-Jan-2017 15:25:14.828 INFO [main] org.apache.catalina.startup.VersionLoggerListener.log CATALINA_BASE:         /Users/weinanli/projs/thoughts-on-webserver/apache-tomcat-8.0.39
05-Jan-2017 15:25:14.828 INFO [main] org.apache.catalina.startup.VersionLoggerListener.log CATALINA_HOME:         /Users/weinanli/projs/thoughts-on-webserver/apache-tomcat-8.0.39
05-Jan-2017 15:25:14.829 INFO [main] org.apache.catalina.startup.VersionLoggerListener.log Command line argument: -Djava.util.logging.config.file=/Users/weinanli/projs/thoughts-on-webserver/apache-tomcat-8.0.39/conf/logging.properties
05-Jan-2017 15:25:14.829 INFO [main] org.apache.catalina.startup.VersionLoggerListener.log Command line argument: -Djava.util.logging.manager=org.apache.juli.ClassLoaderLogManager
05-Jan-2017 15:25:14.829 INFO [main] org.apache.catalina.startup.VersionLoggerListener.log Command line argument: -Djdk.tls.ephemeralDHKeySize=2048
05-Jan-2017 15:25:14.829 INFO [main] org.apache.catalina.startup.VersionLoggerListener.log Command line argument: -Djava.protocol.handler.pkgs=org.apache.catalina.webresources
05-Jan-2017 15:25:14.830 INFO [main] org.apache.catalina.startup.VersionLoggerListener.log Command line argument: -Djava.endorsed.dirs=/Users/weinanli/projs/thoughts-on-webserver/apache-tomcat-8.0.39/endorsed
05-Jan-2017 15:25:14.830 INFO [main] org.apache.catalina.startup.VersionLoggerListener.log Command line argument: -Dcatalina.base=/Users/weinanli/projs/thoughts-on-webserver/apache-tomcat-8.0.39
05-Jan-2017 15:25:14.830 INFO [main] org.apache.catalina.startup.VersionLoggerListener.log Command line argument: -Dcatalina.home=/Users/weinanli/projs/thoughts-on-webserver/apache-tomcat-8.0.39
05-Jan-2017 15:25:14.830 INFO [main] org.apache.catalina.startup.VersionLoggerListener.log Command line argument: -Djava.io.tmpdir=/Users/weinanli/projs/thoughts-on-webserver/apache-tomcat-8.0.39/temp
05-Jan-2017 15:25:14.830 INFO [main] org.apache.catalina.core.AprLifecycleListener.lifecycleEvent The APR based Apache Tomcat Native library which allows optimal performance in production environments was not found on the java.library.path: /Users/weinanli/Library/Java/Extensions:/Library/Java/Extensions:/Network/Library/Java/Extensions:/System/Library/Java/Extensions:/usr/lib/java:.
05-Jan-2017 15:25:15.259 INFO [main] org.apache.coyote.AbstractProtocol.init Initializing ProtocolHandler ["http-nio-8080"]
05-Jan-2017 15:25:15.334 INFO [main] org.apache.tomcat.util.net.NioSelectorPool.getSharedSelector Using a shared selector for servlet write/read
05-Jan-2017 15:25:15.338 INFO [main] org.apache.coyote.AbstractProtocol.init Initializing ProtocolHandler ["ajp-nio-8009"]
05-Jan-2017 15:25:15.340 INFO [main] org.apache.tomcat.util.net.NioSelectorPool.getSharedSelector Using a shared selector for servlet write/read
05-Jan-2017 15:25:15.340 INFO [main] org.apache.catalina.startup.Catalina.load Initialization processed in 2087 ms
05-Jan-2017 15:25:15.411 INFO [main] org.apache.catalina.core.StandardService.startInternal Starting service Catalina
05-Jan-2017 15:25:15.411 INFO [main] org.apache.catalina.core.StandardEngine.startInternal Starting Servlet Engine: Apache Tomcat/8.0.39
05-Jan-2017 15:25:15.434 INFO [localhost-startStop-1] org.apache.catalina.startup.HostConfig.deployDirectory Deploying web application directory /Users/weinanli/projs/thoughts-on-webserver/apache-tomcat-8.0.39/webapps/docs
05-Jan-2017 15:25:16.589 INFO [localhost-startStop-1] org.apache.jasper.servlet.TldScanner.scanJars At least one JAR was scanned for TLDs yet contained no TLDs. Enable debug logging for this logger for a complete list of JARs that were scanned but no TLDs were found in them. Skipping unneeded JARs during scanning can improve startup time and JSP compilation time.
05-Jan-2017 15:25:16.773 INFO [localhost-startStop-1] org.apache.catalina.startup.HostConfig.deployDirectory Deployment of web application directory /Users/weinanli/projs/thoughts-on-webserver/apache-tomcat-8.0.39/webapps/docs has finished in 1,339 ms
05-Jan-2017 15:25:16.774 INFO [localhost-startStop-1] org.apache.catalina.startup.HostConfig.deployDirectory Deploying web application directory /Users/weinanli/projs/thoughts-on-webserver/apache-tomcat-8.0.39/webapps/examples
05-Jan-2017 15:25:17.099 INFO [localhost-startStop-1] org.apache.jasper.servlet.TldScanner.scanJars At least one JAR was scanned for TLDs yet contained no TLDs. Enable debug logging for this logger for a complete list of JARs that were scanned but no TLDs were found in them. Skipping unneeded JARs during scanning can improve startup time and JSP compilation time.
05-Jan-2017 15:25:17.139 INFO [localhost-startStop-1] org.apache.catalina.startup.HostConfig.deployDirectory Deployment of web application directory /Users/weinanli/projs/thoughts-on-webserver/apache-tomcat-8.0.39/webapps/examples has finished in 366 ms
05-Jan-2017 15:25:17.139 INFO [localhost-startStop-1] org.apache.catalina.startup.HostConfig.deployDirectory Deploying web application directory /Users/weinanli/projs/thoughts-on-webserver/apache-tomcat-8.0.39/webapps/host-manager
05-Jan-2017 15:25:17.194 INFO [localhost-startStop-1] org.apache.jasper.servlet.TldScanner.scanJars At least one JAR was scanned for TLDs yet contained no TLDs. Enable debug logging for this logger for a complete list of JARs that were scanned but no TLDs were found in them. Skipping unneeded JARs during scanning can improve startup time and JSP compilation time.
05-Jan-2017 15:25:17.197 INFO [localhost-startStop-1] org.apache.catalina.startup.HostConfig.deployDirectory Deployment of web application directory /Users/weinanli/projs/thoughts-on-webserver/apache-tomcat-8.0.39/webapps/host-manager has finished in 58 ms
05-Jan-2017 15:25:17.197 INFO [localhost-startStop-1] org.apache.catalina.startup.HostConfig.deployDirectory Deploying web application directory /Users/weinanli/projs/thoughts-on-webserver/apache-tomcat-8.0.39/webapps/manager
05-Jan-2017 15:25:17.290 INFO [localhost-startStop-1] org.apache.jasper.servlet.TldScanner.scanJars At least one JAR was scanned for TLDs yet contained no TLDs. Enable debug logging for this logger for a complete list of JARs that were scanned but no TLDs were found in them. Skipping unneeded JARs during scanning can improve startup time and JSP compilation time.
05-Jan-2017 15:25:17.292 INFO [localhost-startStop-1] org.apache.catalina.startup.HostConfig.deployDirectory Deployment of web application directory /Users/weinanli/projs/thoughts-on-webserver/apache-tomcat-8.0.39/webapps/manager has finished in 95 ms
05-Jan-2017 15:25:17.292 INFO [localhost-startStop-1] org.apache.catalina.startup.HostConfig.deployDirectory Deploying web application directory /Users/weinanli/projs/thoughts-on-webserver/apache-tomcat-8.0.39/webapps/ROOT
05-Jan-2017 15:25:17.337 INFO [localhost-startStop-1] org.apache.jasper.servlet.TldScanner.scanJars At least one JAR was scanned for TLDs yet contained no TLDs. Enable debug logging for this logger for a complete list of JARs that were scanned but no TLDs were found in them. Skipping unneeded JARs during scanning can improve startup time and JSP compilation time.
05-Jan-2017 15:25:17.339 INFO [localhost-startStop-1] org.apache.catalina.startup.HostConfig.deployDirectory Deployment of web application directory /Users/weinanli/projs/thoughts-on-webserver/apache-tomcat-8.0.39/webapps/ROOT has finished in 47 ms
05-Jan-2017 15:25:17.343 INFO [main] org.apache.coyote.AbstractProtocol.start Starting ProtocolHandler ["http-nio-8080"]
05-Jan-2017 15:25:17.364 INFO [main] org.apache.coyote.AbstractProtocol.start Starting ProtocolHandler ["ajp-nio-8009"]
05-Jan-2017 15:25:17.365 INFO [main] org.apache.catalina.startup.Catalina.start Server startup in 2024 ms
05-Jan-2017 19:26:16.357 INFO [Thread-5] org.apache.coyote.AbstractProtocol.pause Pausing ProtocolHandler ["http-nio-8080"]
05-Jan-2017 19:26:19.426 INFO [Thread-5] org.apache.coyote.AbstractProtocol.pause Pausing ProtocolHandler ["ajp-nio-8009"]
05-Jan-2017 19:26:19.478 INFO [Thread-5] org.apache.catalina.core.StandardService.stopInternal Stopping service Catalina
05-Jan-2017 19:26:19.548 INFO [Thread-5] org.apache.coyote.AbstractProtocol.stop Stopping ProtocolHandler ["http-nio-8080"]
05-Jan-2017 19:26:19.639 INFO [Thread-5] org.apache.coyote.AbstractProtocol.stop Stopping ProtocolHandler ["ajp-nio-8009"]
05-Jan-2017 19:26:19.734 INFO [Thread-5] org.apache.coyote.AbstractProtocol.destroy Destroying ProtocolHandler ["http-nio-8080"]
05-Jan-2017 19:26:19.737 INFO [Thread-5] org.apache.coyote.AbstractProtocol.destroy Destroying ProtocolHandler ["ajp-nio-8009"]
